<?xml version="1.0" encoding="UTF-8"?>
<testsuite name="DominoesTest" tests="12" skipped="11" failures="0" errors="0" timestamp="2022-07-19T19:53:21" hostname="NT-IT-LT-2193" time="0.003">
  <properties/>
  <testcase name="cantBeChainedTest" classname="DominoesTest" time="0.001">
    <skipped/>
  </testcase>
  <testcase name="needBacktrackTest" classname="DominoesTest" time="0.0">
    <skipped/>
  </testcase>
  <testcase name="singletonInputSingletonOutput" classname="DominoesTest" time="0.0">
    <skipped/>
  </testcase>
  <testcase name="nineElementsTest" classname="DominoesTest" time="0.0">
    <skipped/>
  </testcase>
  <testcase name="separateLoopsTest" classname="DominoesTest" time="0.0">
    <skipped/>
  </testcase>
  <testcase name="disconnectedDoubleLoopTest" classname="DominoesTest" time="0.0">
    <skipped/>
  </testcase>
  <testcase name="singletonCantBeChainedTest" classname="DominoesTest" time="0.0">
    <skipped/>
  </testcase>
  <testcase name="disconnectedSingleIsolatedTest" classname="DominoesTest" time="0.0">
    <skipped/>
  </testcase>
  <testcase name="emtpyInputEmptyOutputTest" classname="DominoesTest" time="0.001"/>
  <testcase name="canReverseDominoesTest" classname="DominoesTest" time="0.0">
    <skipped/>
  </testcase>
  <testcase name="disconnectedSimpleTest" classname="DominoesTest" time="0.0">
    <skipped/>
  </testcase>
  <testcase name="threeElementsTest" classname="DominoesTest" time="0.0">
    <skipped/>
  </testcase>
  <system-out><![CDATA[]]></system-out>
  <system-err><![CDATA[]]></system-err>
</testsuite>
